Arguments: 
  /Users/mike/.nvm/versions/node/v8.2.1/bin/node /usr/local/Cellar/yarn/0.27.5_1/libexec/bin/yarn.js

PATH: 
  /Users/mike/.rvm/gems/ruby-2.3.1/bin:/Users/mike/.rvm/gems/ruby-2.3.1@global/bin:/Users/mike/.rvm/rubies/ruby-2.3.1/bin:/Users/mike/.nvm/versions/node/v8.2.1/bin:/usr/local/bin:/usr/bin:/bin:/usr/sbin:/sbin:/Users/mike/.fzf/bin:/Users/mike/.rvm/bin

Yarn version: 
  0.27.5

Node version: 
  8.2.1

Platform: 
  darwin x64

npm manifest: 
  {
    "name": "@bufferapp/report-list",
    "version": "0.0.1",
    "description": "Report list package for Analyze",
    "main": "index.js",
    "scripts": {
      "start": "start-storybook -p 9001",
      "lint": "eslint . --ignore-pattern coverage node_modules",
      "test": "yarn run lint && sh ../../package_test.sh",
      "test-update": "jest -u --config=../../.jestrc.json"
    },
    "author": "mike@msanroman.io",
    "jest": {
      "transformIgnorePatterns": [
        "node_modules/(?!@bufferapp/*)"
      ],
      "verbose": true,
      "moduleNameMapper": {
        "\\.(css|less)$": "identity-obj-proxy"
      }
    },
    "dependencies": {
      "styled-components": "^2.2.1",
  		"@bufferapp/analyze-shared-components": "0.0.1"
    },
    "devDependencies": {
      "@storybook/addon-storyshots": "3.1.4",
      "@storybook/react": "3.1.3",
      "eslint": "3.19.0",
      "jest": "19.0.2",
      "storybook-addon-a11y": "3.0.0"
    },
    "publishConfig": {
      "access": "public"
    }
  }

yarn manifest: 
  No manifest

Lockfile: 
  No lockfile

Trace: 
  Error: https://registry.yarnpkg.com/@bufferapp%2fanalyze-shared-components: Not found
      at Request.params.callback [as _callback] (/usr/local/Cellar/yarn/0.27.5_1/libexec/lib/yarn-cli.js:58200:18)
      at Request.self.callback (/usr/local/Cellar/yarn/0.27.5_1/libexec/lib/yarn-cli.js:114242:22)
      at emitTwo (events.js:125:13)
      at Request.emit (events.js:213:7)
      at Request.<anonymous> (/usr/local/Cellar/yarn/0.27.5_1/libexec/lib/yarn-cli.js:115225:10)
      at emitOne (events.js:115:13)
      at Request.emit (events.js:210:7)
      at IncomingMessage.<anonymous> (/usr/local/Cellar/yarn/0.27.5_1/libexec/lib/yarn-cli.js:115145:12)
      at Object.onceWrapper (events.js:314:30)
      at emitNone (events.js:110:20)
